<?xml version="1.0" encoding="UTF-8"?>
<testsuite xmlns:xsi="http://www.w3.org/2001/XMLSchema-instance" xsi:noNamespaceSchemaLocation="https://maven.apache.org/surefire/maven-surefire-plugin/xsd/surefire-test-report.xsd" version="3.0.2" name="at.ac.tuwien.thesis.yannakakis.OutputVariableSafetyTest" time="0.356" tests="123" errors="0" skipped="0" failures="0">
  <properties>
[...]
</properties>
  <testcase name="corpusExercisesTheYannakakisPath" classname="at.ac.tuwien.thesis.yannakakis.OutputVariableSafetyTest" time="0.142"/>
  <testcase name="yannakakisMatchesStockArq(Case)[1]" classname="at.ac.tuwien.thesis.yannakakis.OutputVariableSafetyTest" time="0.01"/>
  <testcase name="yannakakisMatchesStockArq(Case)[2]" classname="at.ac.tuwien.thesis.yannakakis.OutputVariableSafetyTest" time="0.0"/>
  <testcase name="yannakakisMatchesStockArq(Case)[3]" classname="at.ac.tuwien.thesis.yannakakis.OutputVariableSafetyTest" time="0.005"/>
  <testcase name="yannakakisMatchesStockArq(Case)[4]" classname="at.ac.tuwien.thesis.yannakakis.OutputVariableSafetyTest" time="0.0"/>
  <testcase name="yannakakisMatchesStockArq(Case)[5]" classname="at.ac.tuwien.thesis.yannakakis.OutputVariableSafetyTest" time="0.0"/>
  <testcase name="yannakakisMatchesStockArq(Case)[6]" classname="at.ac.tuwien.thesis.yannakakis.OutputVariableSafetyTest" time="0.005"/>
  <testcase name="yannakakisMatchesStockArq(Case)[7]" classname="at.ac.tuwien.thesis.yannakakis.OutputVariableSafetyTest" time="0.0"/>
  <testcase name="yannakakisMatchesStockArq(Case)[8]" classname="at.ac.tuwien.thesis.yannakakis.OutputVariableSafetyTest" time="0.0"/>
  <testcase name="yannakakisMatchesStockArq(Case)[9]" classname="at.ac.tuwien.thesis.yannakakis.OutputVariableSafetyTest" time="0.0"/>
  <testcase name="yannakakisMatchesStockArq(Case)[10]" classname="at.ac.tuwien.thesis.yannakakis.OutputVariableSafetyTest" time="0.005"/>
  <testcase name="yannakakisMatchesStockArq(Case)[11]" classname="at.ac.tuwien.thesis.yannakakis.OutputVariableSafetyTest" time="0.001"/>
  <testcase name="yannakakisMatchesStockArq(Case)[12]" classname="at.ac.tuwien.thesis.yannakakis.OutputVariableSafetyTest" time="0.0"/>
  <testcase name="yannakakisMatchesStockArq(Case)[13]" classname="at.ac.tuwien.thesis.yannakakis.OutputVariableSafetyTest" time="0.002"/>
  <testcase name="yannakakisMatchesStockArq(Case)[14]" classname="at.ac.tuwien.thesis.yannakakis.OutputVariableSafetyTest" time="0.0"/>
  <testcase name="yannakakisMatchesStockArq(Case)[15]" classname="at.ac.tuwien.thesis.yannakakis.OutputVariableSafetyTest" time="0.002"/>
  <testcase name="yannakakisMatchesStockArq(Case)[16]" classname="at.ac.tuwien.thesis.yannakakis.OutputVariableSafetyTest" time="0.0"/>
  <testcase name="yannakakisMatchesStockArq(Case)[17]" classname="at.ac.tuwien.thesis.yannakakis.OutputVariableSafetyTest" time="0.0"/>
  <testcase name="yannakakisMatchesStockArq(Case)[18]" classname="at.ac.tuwien.thesis.yannakakis.OutputVariableSafetyTest" time="0.0"/>
  <testcase name="yannakakisMatchesStockArq(Case)[19]" classname="at.ac.tuwien.thesis.yannakakis.OutputVariableSafetyTest" time="0.003"/>
  <testcase name="yannakakisMatchesStockArq(Case)[20]" classname="at.ac.tuwien.thesis.yannakakis.OutputVariableSafetyTest" time="0.0"/>
  <testcase name="yannakakisMatchesStockArq(Case)[21]" classname="at.ac.tuwien.thesis.yannakakis.OutputVariableSafetyTest" time="0.0"/>
  <testcase name="yannakakisMatchesStockArq(Case)[22]" classname="at.ac.tuwien.thesis.yannakakis.OutputVariableSafetyTest" time="0.005"/>
  <testcase name="yannakakisMatchesStockArq(Case)[23]" classname="at.ac.tuwien.thesis.yannakakis.OutputVariableSafetyTest" time="0.0"/>
  <testcase name="yannakakisMatchesStockArq(Case)[24]" classname="at.ac.tuwien.thesis.yannakakis.OutputVariableSafetyTest" time="0.002"/>
  <testcase name="yannakakisMatchesStockArq(Case)[25]" classname="at.ac.tuwien.thesis.yannakakis.OutputVariableSafetyTest" time="0.0"/>
  <testcase name="yannakakisMatchesStockArq(Case)[26]" classname="at.ac.tuwien.thesis.yannakakis.OutputVariableSafetyTest" time="0.003"/>
  <testcase name="yannakakisMatchesStockArq(Case)[27]" classname="at.ac.tuwien.thesis.yannakakis.OutputVariableSafetyTest" time="0.0"/>
  <testcase name="yannakakisMatchesStockArq(Case)[28]" classname="at.ac.tuwien.thesis.yannakakis.OutputVariableSafetyTest" time="0.0"/>
  <testcase name="yannakakisMatchesStockArq(Case)[29]" classname="at.ac.tuwien.thesis.yannakakis.OutputVariableSafetyTest" time="0.004"/>
  <testcase name="yannakakisMatchesStockArq(Case)[30]" classname="at.ac.tuwien.thesis.yannakakis.OutputVariableSafetyTest" time="0.0"/>
  <testcase name="yannakakisMatchesStockArq(Case)[31]" classname="at.ac.tuwien.thesis.yannakakis.OutputVariableSafetyTest" time="0.0"/>
  <testcase name="yannakakisMatchesStockArq(Case)[32]" classname="at.ac.tuwien.thesis.yannakakis.OutputVariableSafetyTest" time="0.0"/>
  <testcase name="yannakakisMatchesStockArq(Case)[33]" classname="at.ac.tuwien.thesis.yannakakis.OutputVariableSafetyTest" time="0.0"/>
  <testcase name="yannakakisMatchesStockArq(Case)[34]" classname="at.ac.tuwien.thesis.yannakakis.OutputVariableSafetyTest" time="0.0"/>
  <testcase name="yannakakisMatchesStockArq(Case)[35]" classname="at.ac.tuwien.thesis.yannakakis.OutputVariableSafetyTest" time="0.0"/>
  <testcase name="yannakakisMatchesStockArq(Case)[36]" classname="at.ac.tuwien.thesis.yannakakis.OutputVariableSafetyTest" time="0.0"/>
  <testcase name="yannakakisMatchesStockArq(Case)[37]" classname="at.ac.tuwien.thesis.yannakakis.OutputVariableSafetyTest" time="0.0"/>
  <testcase name="yannakakisMatchesStockArq(Case)[38]" classname="at.ac.tuwien.thesis.yannakakis.OutputVariableSafetyTest" time="0.002"/>
  <testcase name="yannakakisMatchesStockArq(Case)[39]" classname="at.ac.tuwien.thesis.yannakakis.OutputVariableSafetyTest" time="0.0"/>
  <testcase name="yannakakisMatchesStockArq(Case)[40]" classname="at.ac.tuwien.thesis.yannakakis.OutputVariableSafetyTest" time="0.0"/>
  <testcase name="yannakakisMatchesStockArq(Case)[41]" classname="at.ac.tuwien.thesis.yannakakis.OutputVariableSafetyTest" time="0.0"/>
  <testcase name="yannakakisMatchesStockArq(Case)[42]" classname="at.ac.tuwien.thesis.yannakakis.OutputVariableSafetyTest" time="0.0"/>
  <testcase name="yannakakisMatchesStockArq(Case)[43]" classname="at.ac.tuwien.thesis.yannakakis.OutputVariableSafetyTest" time="0.0"/>
  <testcase name="yannakakisMatchesStockArq(Case)[44]" classname="at.ac.tuwien.thesis.yannakakis.OutputVariableSafetyTest" time="0.0"/>
  <testcase name="yannakakisMatchesStockArq(Case)[45]" classname="at.ac.tuwien.thesis.yannakakis.OutputVariableSafetyTest" time="0.0"/>
  <testcase name="yannakakisMatchesStockArq(Case)[46]" classname="at.ac.tuwien.thesis.yannakakis.OutputVariableSafetyTest" time="0.0"/>
  <testcase name="yannakakisMatchesStockArq(Case)[47]" classname="at.ac.tuwien.thesis.yannakakis.OutputVariableSafetyTest" time="0.005"/>
  <testcase name="yannakakisMatchesStockArq(Case)[48]" classname="at.ac.tuwien.thesis.yannakakis.OutputVariableSafetyTest" time="0.001"/>
  <testcase name="yannakakisMatchesStockArq(Case)[49]" classname="at.ac.tuwien.thesis.yannakakis.OutputVariableSafetyTest" time="0.002"/>
  <testcase name="yannakakisMatchesStockArq(Case)[50]" classname="at.ac.tuwien.thesis.yannakakis.OutputVariableSafetyTest" time="0.0"/>
  <testcase name="yannakakisMatchesStockArq(Case)[51]" classname="at.ac.tuwien.thesis.yannakakis.OutputVariableSafetyTest" time="0.0"/>
  <testcase name="yannakakisMatchesStockArq(Case)[52]" classname="at.ac.tuwien.thesis.yannakakis.OutputVariableSafetyTest" time="0.0"/>
  <testcase name="yannakakisMatchesStockArq(Case)[53]" classname="at.ac.tuwien.thesis.yannakakis.OutputVariableSafetyTest" time="0.0"/>
  <testcase name="yannakakisMatchesStockArq(Case)[54]" classname="at.ac.tuwien.thesis.yannakakis.OutputVariableSafetyTest" time="0.0"/>
  <testcase name="yannakakisMatchesStockArq(Case)[55]" classname="at.ac.tuwien.thesis.yannakakis.OutputVariableSafetyTest" time="0.0"/>
  <testcase name="yannakakisMatchesStockArq(Case)[56]" classname="at.ac.tuwien.thesis.yannakakis.OutputVariableSafetyTest" time="0.01"/>
  <testcase name="yannakakisMatchesStockArq(Case)[57]" classname="at.ac.tuwien.thesis.yannakakis.OutputVariableSafetyTest" time="0.0"/>
  <testcase name="yannakakisMatchesStockArq(Case)[58]" classname="at.ac.tuwien.thesis.yannakakis.OutputVariableSafetyTest" time="0.002"/>
  <testcase name="yannakakisMatchesStockArq(Case)[59]" classname="at.ac.tuwien.thesis.yannakakis.OutputVariableSafetyTest" time="0.002"/>
  <testcase name="yannakakisMatchesStockArq(Case)[60]" classname="at.ac.tuwien.thesis.yannakakis.OutputVariableSafetyTest" time="0.0"/>
  <testcase name="yannakakisMatchesStockArq(Case)[61]" classname="at.ac.tuwien.thesis.yannakakis.OutputVariableSafetyTest" time="0.0"/>
  <testcase name="yannakakisMatchesStockArq(Case)[62]" classname="at.ac.tuwien.thesis.yannakakis.OutputVariableSafetyTest" time="0.0"/>
  <testcase name="yannakakisMatchesStockArq(Case)[63]" classname="at.ac.tuwien.thesis.yannakakis.OutputVariableSafetyTest" time="0.0"/>
  <testcase name="yannakakisMatchesStockArq(Case)[64]" classname="at.ac.tuwien.thesis.yannakakis.OutputVariableSafetyTest" time="0.006"/>
  <testcase name="yannakakisMatchesStockArq(Case)[65]" classname="at.ac.tuwien.thesis.yannakakis.OutputVariableSafetyTest" time="0.0"/>
  <testcase name="yannakakisMatchesStockArq(Case)[66]" classname="at.ac.tuwien.thesis.yannakakis.OutputVariableSafetyTest" time="0.0"/>
  <testcase name="yannakakisMatchesStockArq(Case)[67]" classname="at.ac.tuwien.thesis.yannakakis.OutputVariableSafetyTest" time="0.0"/>
  <testcase name="yannakakisMatchesStockArq(Case)[68]" classname="at.ac.tuwien.thesis.yannakakis.OutputVariableSafetyTest" time="0.0"/>
  <testcase name="yannakakisMatchesStockArq(Case)[69]" classname="at.ac.tuwien.thesis.yannakakis.OutputVariableSafetyTest" time="0.0"/>
  <testcase name="yannakakisMatchesStockArq(Case)[70]" classname="at.ac.tuwien.thesis.yannakakis.OutputVariableSafetyTest" time="0.0"/>
  <testcase name="yannakakisMatchesStockArq(Case)[71]" classname="at.ac.tuwien.thesis.yannakakis.OutputVariableSafetyTest" time="0.0"/>
  <testcase name="yannakakisMatchesStockArq(Case)[72]" classname="at.ac.tuwien.thesis.yannakakis.OutputVariableSafetyTest" time="0.0"/>
  <testcase name="yannakakisMatchesStockArq(Case)[73]" classname="at.ac.tuwien.thesis.yannakakis.OutputVariableSafetyTest" time="0.01"/>
  <testcase name="yannakakisMatchesStockArq(Case)[74]" classname="at.ac.tuwien.thesis.yannakakis.OutputVariableSafetyTest" time="0.0"/>
  <testcase name="yannakakisMatchesStockArq(Case)[75]" classname="at.ac.tuwien.thesis.yannakakis.OutputVariableSafetyTest" time="0.0"/>
  <testcase name="yannakakisMatchesStockArq(Case)[76]" classname="at.ac.tuwien.thesis.yannakakis.OutputVariableSafetyTest" time="0.0"/>
  <testcase name="yannakakisMatchesStockArq(Case)[77]" classname="at.ac.tuwien.thesis.yannakakis.OutputVariableSafetyTest" time="0.0"/>
  <testcase name="yannakakisMatchesStockArq(Case)[78]" classname="at.ac.tuwien.thesis.yannakakis.OutputVariableSafetyTest" time="0.0"/>
  <testcase name="yannakakisMatchesStockArq(Case)[79]" classname="at.ac.tuwien.thesis.yannakakis.OutputVariableSafetyTest" time="0.0"/>
  <testcase name="yannakakisMatchesStockArq(Case)[80]" classname="at.ac.tuwien.thesis.yannakakis.OutputVariableSafetyTest" time="0.0"/>
  <testcase name="yannakakisMatchesStockArq(Case)[81]" classname="at.ac.tuwien.thesis.yannakakis.OutputVariableSafetyTest" time="0.0"/>
  <testcase name="yannakakisMatchesStockArq(Case)[82]" classname="at.ac.tuwien.thesis.yannakakis.OutputVariableSafetyTest" time="0.009"/>
  <testcase name="yannakakisMatchesStockArq(Case)[83]" classname="at.ac.tuwien.thesis.yannakakis.OutputVariableSafetyTest" time="0.0"/>
  <testcase name="yannakakisMatchesStockArq(Case)[84]" classname="at.ac.tuwien.thesis.yannakakis.OutputVariableSafetyTest" time="0.0"/>
  <testcase name="yannakakisMatchesStockArq(Case)[85]" classname="at.ac.tuwien.thesis.yannakakis.OutputVariableSafetyTest" time="0.0"/>
  <testcase name="yannakakisMatchesStockArq(Case)[86]" classname="at.ac.tuwien.thesis.yannakakis.OutputVariableSafetyTest" time="0.0"/>
  <testcase name="yannakakisMatchesStockArq(Case)[87]" classname="at.ac.tuwien.thesis.yannakakis.OutputVariableSafetyTest" time="0.005"/>
  <testcase name="yannakakisMatchesStockArq(Case)[88]" classname="at.ac.tuwien.thesis.yannakakis.OutputVariableSafetyTest" time="0.0"/>
  <testcase name="yannakakisMatchesStockArq(Case)[89]" classname="at.ac.tuwien.thesis.yannakakis.OutputVariableSafetyTest" time="0.002"/>
  <testcase name="yannakakisMatchesStockArq(Case)[90]" classname="at.ac.tuwien.thesis.yannakakis.OutputVariableSafetyTest" time="0.0"/>
  <testcase name="yannakakisMatchesStockArq(Case)[91]" classname="at.ac.tuwien.thesis.yannakakis.OutputVariableSafetyTest" time="0.0"/>
  <testcase name="yannakakisMatchesStockArq(Case)[92]" classname="at.ac.tuwien.thesis.yannakakis.OutputVariableSafetyTest" time="0.003"/>
  <testcase name="yannakakisMatchesStockArq(Case)[93]" classname="at.ac.tuwien.thesis.yannakakis.OutputVariableSafetyTest" time="0.0"/>
  <testcase name="yannakakisMatchesStockArq(Case)[94]" classname="at.ac.tuwien.thesis.yannakakis.OutputVariableSafetyTest" time="0.0"/>
  <testcase name="yannakakisMatchesStockArq(Case)[95]" classname="at.ac.tuwien.thesis.yannakakis.OutputVariableSafetyTest" time="0.0"/>
  <testcase name="yannakakisMatchesStockArq(Case)[96]" classname="at.ac.tuwien.thesis.yannakakis.OutputVariableSafetyTest" time="0.0"/>
  <testcase name="yannakakisMatchesStockArq(Case)[97]" classname="at.ac.tuwien.thesis.yannakakis.OutputVariableSafetyTest" time="0.006"/>
  <testcase name="yannakakisMatchesStockArq(Case)[98]" classname="at.ac.tuwien.thesis.yannakakis.OutputVariableSafetyTest" time="0.0"/>
  <testcase name="yannakakisMatchesStockArq(Case)[99]" classname="at.ac.tuwien.thesis.yannakakis.OutputVariableSafetyTest" time="0.0"/>
  <testcase name="yannakakisMatchesStockArq(Case)[100]" classname="at.ac.tuwien.thesis.yannakakis.OutputVariableSafetyTest" time="0.0"/>
  <testcase name="yannakakisMatchesStockArq(Case)[101]" classname="at.ac.tuwien.thesis.yannakakis.OutputVariableSafetyTest" time="0.004"/>
  <testcase name="yannakakisMatchesStockArq(Case)[102]" classname="at.ac.tuwien.thesis.yannakakis.OutputVariableSafetyTest" time="0.001"/>
  <testcase name="yannakakisMatchesStockArq(Case)[103]" classname="at.ac.tuwien.thesis.yannakakis.OutputVariableSafetyTest" time="0.001"/>
  <testcase name="yannakakisMatchesStockArq(Case)[104]" classname="at.ac.tuwien.thesis.yannakakis.OutputVariableSafetyTest" time="0.007"/>
  <testcase name="yannakakisMatchesStockArq(Case)[105]" classname="at.ac.tuwien.thesis.yannakakis.OutputVariableSafetyTest" time="0.0"/>
  <testcase name="yannakakisMatchesStockArq(Case)[106]" classname="at.ac.tuwien.thesis.yannakakis.OutputVariableSafetyTest" time="0.0"/>
  <testcase name="yannakakisMatchesStockArq(Case)[107]" classname="at.ac.tuwien.thesis.yannakakis.OutputVariableSafetyTest" time="0.0"/>
  <testcase name="yannakakisMatchesStockArq(Case)[108]" classname="at.ac.tuwien.thesis.yannakakis.OutputVariableSafetyTest" time="0.0"/>
  <testcase name="yannakakisMatchesStockArq(Case)[109]" classname="at.ac.tuwien.thesis.yannakakis.OutputVariableSafetyTest" time="0.0"/>
  <testcase name="yannakakisMatchesStockArq(Case)[110]" classname="at.ac.tuwien.thesis.yannakakis.OutputVariableSafetyTest" time="0.002"/>
  <testcase name="yannakakisMatchesStockArq(Case)[111]" classname="at.ac.tuwien.thesis.yannakakis.OutputVariableSafetyTest" time="0.001"/>
  <testcase name="yannakakisMatchesStockArq(Case)[112]" classname="at.ac.tuwien.thesis.yannakakis.OutputVariableSafetyTest" time="0.001"/>
  <testcase name="yannakakisMatchesStockArq(Case)[113]" classname="at.ac.tuwien.thesis.yannakakis.OutputVariableSafetyTest" time="0.0"/>
  <testcase name="yannakakisMatchesStockArq(Case)[114]" classname="at.ac.tuwien.thesis.yannakakis.OutputVariableSafetyTest" time="0.0"/>
  <testcase name="yannakakisMatchesStockArq(Case)[115]" classname="at.ac.tuwien.thesis.yannakakis.OutputVariableSafetyTest" time="0.0"/>
  <testcase name="yannakakisMatchesStockArq(Case)[116]" classname="at.ac.tuwien.thesis.yannakakis.OutputVariableSafetyTest" time="0.0"/>
  <testcase name="yannakakisMatchesStockArq(Case)[117]" classname="at.ac.tuwien.thesis.yannakakis.OutputVariableSafetyTest" time="0.0"/>
  <testcase name="yannakakisMatchesStockArq(Case)[118]" classname="at.ac.tuwien.thesis.yannakakis.OutputVariableSafetyTest" time="0.0"/>
  <testcase name="yannakakisMatchesStockArq(Case)[119]" classname="at.ac.tuwien.thesis.yannakakis.OutputVariableSafetyTest" time="0.008"/>
  <testcase name="yannakakisMatchesStockArq(Case)[120]" classname="at.ac.tuwien.thesis.yannakakis.OutputVariableSafetyTest" time="0.0"/>
  <testcase name="yannakakisMatchesStockArq(Case)[121]" classname="at.ac.tuwien.thesis.yannakakis.OutputVariableSafetyTest" time="0.003"/>
  <testcase name="corpusIsLargeEnoughAndNamesAreUnique" classname="at.ac.tuwien.thesis.yannakakis.OutputVariableSafetyTest" time="0.0"/>
</testsuite>